c:\users\user\desktop\tetris\tetris-win-console\tetris\tetris\release\vc141.pdb
c:\users\user\desktop\tetris\tetris-win-console\tetris\tetris\release\tetrisutility.obj
c:\users\user\desktop\tetris\tetris-win-console\tetris\tetris\release\main.obj
c:\users\user\desktop\tetris\tetris-win-console\tetris\tetris\release\cltimer.obj
c:\users\user\desktop\tetris\tetris-win-console\tetris\tetris\release\cltetromino.obj
c:\users\user\desktop\tetris\tetris-win-console\tetris\tetris\release\cltetris.obj
c:\users\user\desktop\tetris\tetris-win-console\tetris\tetris\release\clstage.obj
c:\users\user\desktop\tetris\tetris-win-console\tetris\tetris\release\clmap.obj
c:\users\user\desktop\tetris\tetris-win-console\tetris\tetris\release\stgamerecord.obj
c:\users\user\desktop\tetris\tetris-win-console\tetris\release\tetris.exe
c:\users\user\desktop\tetris\tetris-win-console\tetris\release\tetris.pdb
c:\users\user\desktop\tetris\tetris-win-console\tetris\release\tetris.ipdb
c:\users\user\desktop\tetris\tetris-win-console\tetris\release\tetris.iobj
c:\users\kim\desktop\tetris\tetris-win-console\tetris\tetris\release\clmap.obj
c:\users\kim\desktop\tetris\tetris-win-console\tetris\tetris\release\clstage.obj
c:\users\kim\desktop\tetris\tetris-win-console\tetris\tetris\release\cltetris.obj
c:\users\kim\desktop\tetris\tetris-win-console\tetris\tetris\release\cltetromino.obj
c:\users\kim\desktop\tetris\tetris-win-console\tetris\tetris\release\cltimer.obj
c:\users\kim\desktop\tetris\tetris-win-console\tetris\tetris\release\main.obj
c:\users\kim\desktop\tetris\tetris-win-console\tetris\tetris\release\stgamerecord.obj
c:\users\kim\desktop\tetris\tetris-win-console\tetris\tetris\release\tetrisutility.obj
c:\users\kim\desktop\tetris\tetris-win-console\tetris\tetris\release\tetris.res
c:\users\kim\desktop\tetris\tetris-win-console\tetris\tetris\release\vc141.pdb
c:\users\kim\desktop\tetris\tetris-win-console\tetris\release\tetris.pdb
c:\users\kim\desktop\tetris\tetris-win-console\tetris\release\tetris.exe
c:\users\kim\desktop\tetris\tetris-win-console\tetris\tetris\release\tetris.tlog\cl.command.1.tlog
c:\users\kim\desktop\tetris\tetris-win-console\tetris\tetris\release\tetris.tlog\cl.read.1.tlog
c:\users\kim\desktop\tetris\tetris-win-console\tetris\tetris\release\tetris.tlog\cl.write.1.tlog
c:\users\kim\desktop\tetris\tetris-win-console\tetris\tetris\release\tetris.tlog\link.command.1.tlog
c:\users\kim\desktop\tetris\tetris-win-console\tetris\tetris\release\tetris.tlog\link.read.1.tlog
c:\users\kim\desktop\tetris\tetris-win-console\tetris\tetris\release\tetris.tlog\link.write.1.tlog
c:\users\kim\desktop\tetris\tetris-win-console\tetris\tetris\release\tetris.tlog\rc.command.1.tlog
c:\users\kim\desktop\tetris\tetris-win-console\tetris\tetris\release\tetris.tlog\rc.read.1.tlog
c:\users\kim\desktop\tetris\tetris-win-console\tetris\tetris\release\tetris.tlog\rc.write.1.tlog
c:\users\kim\desktop\tetris\tetris-win-console\tetris\tetris\release\tetris.tlog\tetris.write.1u.tlog
