  clMap.cpp
c:\users\user\desktop\tetris\tetris-win-console\tetris\tetris\clmap.cpp(18): warning C4244: '=': 'double'에서 'int'(으)로 변환하면서 데이터가 손실될 수 있습니다.
c:\users\user\desktop\tetris\tetris-win-console\tetris\tetris\clmap.cpp(387): warning C4838: 'int'에서 'SHORT'(으)로의 변환에는 축소 변환이 필요합니다.
c:\users\user\desktop\tetris\tetris-win-console\tetris\tetris\clmap.cpp(387): warning C4838: '_Ty2'에서 'SHORT'(으)로의 변환에는 축소 변환이 필요합니다.
          with
          [
              _Ty2=int
          ]
c:\users\user\desktop\tetris\tetris-win-console\tetris\tetris\clmap.cpp(408): warning C4838: 'int'에서 'SHORT'(으)로의 변환에는 축소 변환이 필요합니다.
c:\users\user\desktop\tetris\tetris-win-console\tetris\tetris\clmap.cpp(408): warning C4838: '_Ty2'에서 'SHORT'(으)로의 변환에는 축소 변환이 필요합니다.
          with
          [
              _Ty2=int
          ]
  clStage.cpp
  clTetris.cpp
  main.cpp
  코드를 생성하고 있습니다.
  8 of 1384 functions ( 0.6%) were compiled, the rest were copied from previous compilation.
    1 functions were new in current compilation
    9 functions had inline decision re-evaluated but remain unchanged
  코드를 생성했습니다.
  tetris.vcxproj -> C:\Users\USER\Desktop\tetris\tetris-win-console\tetris\Release\tetris.exe
