c:\users\kim\desktop\tetris\tetris-win-console\tetris\tetris\debug\vc141.pdb
c:\users\kim\desktop\tetris\tetris-win-console\tetris\tetris\debug\vc141.idb
c:\users\kim\desktop\tetris\tetris-win-console\tetris\tetris\debug\tetrisutility.obj
c:\users\kim\desktop\tetris\tetris-win-console\tetris\tetris\debug\stgamerecord.obj
c:\users\kim\desktop\tetris\tetris-win-console\tetris\tetris\debug\main.obj
c:\users\kim\desktop\tetris\tetris-win-console\tetris\tetris\debug\cltimer.obj
c:\users\kim\desktop\tetris\tetris-win-console\tetris\tetris\debug\cltetromino.obj
c:\users\kim\desktop\tetris\tetris-win-console\tetris\tetris\debug\cltetris.obj
c:\users\kim\desktop\tetris\tetris-win-console\tetris\tetris\debug\clstage.obj
c:\users\kim\desktop\tetris\tetris-win-console\tetris\tetris\debug\clmap.obj
c:\users\kim\desktop\tetris\tetris-win-console\tetris\debug\tetris.exe
c:\users\kim\desktop\tetris\tetris-win-console\tetris\debug\tetris.ilk
c:\users\kim\desktop\tetris\tetris-win-console\tetris\debug\tetris.pdb
c:\users\kim\desktop\tetris\tetris-win-console\tetris\tetris\debug\cltetris.obj.enc
c:\users\kim\desktop\tetris\tetris-win-console\tetris\tetris\debug\main.obj.enc
c:\users\kim\desktop\tetris\tetris-win-console\tetris\tetris\debug\tetris.res
c:\users\kim\desktop\tetris\tetris-win-console\tetris\tetris\debug\tetris.tlog\cl.command.1.tlog
c:\users\kim\desktop\tetris\tetris-win-console\tetris\tetris\debug\tetris.tlog\cl.read.1.tlog
c:\users\kim\desktop\tetris\tetris-win-console\tetris\tetris\debug\tetris.tlog\cl.write.1.tlog
c:\users\kim\desktop\tetris\tetris-win-console\tetris\tetris\debug\tetris.tlog\link.command.1.tlog
c:\users\kim\desktop\tetris\tetris-win-console\tetris\tetris\debug\tetris.tlog\link.read.1.tlog
c:\users\kim\desktop\tetris\tetris-win-console\tetris\tetris\debug\tetris.tlog\link.write.1.tlog
c:\users\kim\desktop\tetris\tetris-win-console\tetris\tetris\debug\tetris.tlog\rc.command.1.tlog
c:\users\kim\desktop\tetris\tetris-win-console\tetris\tetris\debug\tetris.tlog\rc.read.1.tlog
c:\users\kim\desktop\tetris\tetris-win-console\tetris\tetris\debug\tetris.tlog\rc.write.1.tlog
