  clMap.cpp
c:\users\user\desktop\tetris-console\tetris-win-console-1\tetris\tetris\clmap.cpp(18): warning C4244: '=': 'double'에서 'int'(으)로 변환하면서 데이터가 손실될 수 있습니다.
c:\users\user\desktop\tetris-console\tetris-win-console-1\tetris\tetris\clmap.cpp(43): warning C4267: '초기화 중': 'size_t'에서 'int'(으)로 변환하면서 데이터가 손실될 수 있습니다.
c:\users\user\desktop\tetris-console\tetris-win-console-1\tetris\tetris\clmap.cpp(387): warning C4838: 'int'에서 'SHORT'(으)로의 변환에는 축소 변환이 필요합니다.
c:\users\user\desktop\tetris-console\tetris-win-console-1\tetris\tetris\clmap.cpp(387): warning C4838: '_Ty2'에서 'SHORT'(으)로의 변환에는 축소 변환이 필요합니다.
          with
          [
              _Ty2=int
          ]
c:\users\user\desktop\tetris-console\tetris-win-console-1\tetris\tetris\clmap.cpp(408): warning C4838: 'int'에서 'SHORT'(으)로의 변환에는 축소 변환이 필요합니다.
c:\users\user\desktop\tetris-console\tetris-win-console-1\tetris\tetris\clmap.cpp(408): warning C4838: '_Ty2'에서 'SHORT'(으)로의 변환에는 축소 변환이 필요합니다.
          with
          [
              _Ty2=int
          ]
  clStage.cpp
c:\users\user\desktop\tetris-console\tetris-win-console-1\tetris\tetris\clstage.cpp(247): warning C4267: '+=': 'size_t'에서 'int'(으)로 변환하면서 데이터가 손실될 수 있습니다.
c:\users\user\desktop\tetris-console\tetris-win-console-1\tetris\tetris\clstage.cpp(249): warning C4267: '+=': 'size_t'에서 'int'(으)로 변환하면서 데이터가 손실될 수 있습니다.
  clTetris.cpp
  clTetromino.cpp
c:\users\user\desktop\tetris-console\tetris-win-console-1\tetris\tetris\cltetromino.cpp(135): warning C4838: 'int'에서 'SHORT'(으)로의 변환에는 축소 변환이 필요합니다.
c:\users\user\desktop\tetris-console\tetris-win-console-1\tetris\tetris\cltetromino.cpp(135): warning C4838: '_Ty2'에서 'SHORT'(으)로의 변환에는 축소 변환이 필요합니다.
          with
          [
              _Ty2=int
          ]
c:\users\user\desktop\tetris-console\tetris-win-console-1\tetris\tetris\cltetromino.cpp(168): warning C4267: '초기화 중': 'size_t'에서 'int'(으)로 변환하면서 데이터가 손실될 수 있습니다.
c:\users\user\desktop\tetris-console\tetris-win-console-1\tetris\tetris\cltetromino.cpp(172): warning C4838: 'int'에서 'SHORT'(으)로의 변환에는 축소 변환이 필요합니다.
c:\users\user\desktop\tetris-console\tetris-win-console-1\tetris\tetris\cltetromino.cpp(172): warning C4838: '_Ty2'에서 'SHORT'(으)로의 변환에는 축소 변환이 필요합니다.
          with
          [
              _Ty2=int
          ]
  clTimer.cpp
c:\users\user\desktop\tetris-console\tetris-win-console-1\tetris\tetris\cltimer.cpp(19): warning C4244: '초기화 중': '__int64'에서 'int'(으)로 변환하면서 데이터가 손실될 수 있습니다.
c:\users\user\desktop\tetris-console\tetris-win-console-1\tetris\tetris\cltimer.cpp(20): warning C4244: '초기화 중': '__int64'에서 'int'(으)로 변환하면서 데이터가 손실될 수 있습니다.
c:\users\user\desktop\tetris-console\tetris-win-console-1\tetris\tetris\cltimer.cpp(21): warning C4244: '초기화 중': '__int64'에서 'int'(으)로 변환하면서 데이터가 손실될 수 있습니다.
  main.cpp
  stGameRecord.cpp
c:\users\user\desktop\tetris-console\tetris-win-console-1\tetris\tetris\stgamerecord.cpp(81): warning C4244: '인수': 'std::streamoff'에서 'std::ios_base::seekdir'(으)로 변환하면서 데이터가 손실될 수 있습니다.
  tetrisUtility.cpp
c:\users\user\desktop\tetris-console\tetris-win-console-1\tetris\tetris\tetrisutility.cpp(12): warning C4267: '초기화 중': 'size_t'에서 'int'(으)로 변환하면서 데이터가 손실될 수 있습니다.
  코드를 생성하고 있습니다...
clStage.obj : error LNK2019: __imp_PlaySoundA 외부 기호(참조 위치: "public: enum clStage::GAME_RESULT __cdecl clStage::run(void)" (?run@clStage@@QEAA?AW4GAME_RESULT@1@XZ) 함수)에서 확인하지 못했습니다.
clTetris.obj : error LNK2001: __imp_PlaySoundA 외부 기호를 확인할 수 없습니다.
C:\Users\USER\Desktop\tetris-console\tetris-win-console-1\tetris\x64\Debug\tetris.exe : fatal error LNK1120: 1개의 확인할 수 없는 외부 참조입니다.
